[07-Jan-2026 14:58:37 UTC] PHP Fatal error:  Uncaught Error: Call to undefined function add_settings_field() in /var/www/dev-wp.13aq.com/wp-content/themes/极客wordpress主题/admin/inc/settings.php:146
Stack trace:
#0 /var/www/dev-wp.13aq.com/wp-content/themes/极客wordpress主题/admin/init.php(12): require_once()
#1 /var/www/dev-wp.13aq.com/wp-content/themes/极客wordpress主题/functions.php(21): require_once('...')
#2 /var/www/dev-wp.13aq.com/wp-includes/class-wp-hook.php(341): geek_theme_admin_init()
#3 /var/www/dev-wp.13aq.com/wp-includes/class-wp-hook.php(365): WP_Hook->apply_filters()
#4 /var/www/dev-wp.13aq.com/wp-includes/plugin.php(522): WP_Hook->do_action()
#5 /var/www/dev-wp.13aq.com/wp-settings.php(722): do_action()
#6 /var/www/dev-wp.13aq.com/wp-config.php(136): require_once('...')
#7 /var/www/dev-wp.13aq.com/wp-load.php(50): require_once('...')
#8 /var/www/dev-wp.13aq.com/wp-admin/admin.php(35): require_once('...')
#9 {main}
  thrown in /var/www/dev-wp.13aq.com/wp-content/themes/极客wordpress主题/admin/inc/settings.php on line 146
[07-Jan-2026 14:58:37 UTC] PHP Warning:  Trying to access array offset on false in /var/www/dev-wp.13aq.com/wp-includes/class-wp-recovery-mode-email-service.php on line 367
[07-Jan-2026 14:58:37 UTC] PHP Warning:  Trying to access array offset on false in /var/www/dev-wp.13aq.com/wp-includes/class-wp-recovery-mode-email-service.php on line 368
[07-Jan-2026 14:58:37 UTC] PHP Fatal error:  Uncaught Error: Call to undefined function add_settings_field() in /var/www/dev-wp.13aq.com/wp-content/themes/极客wordpress主题/admin/inc/settings.php:146
Stack trace:
#0 /var/www/dev-wp.13aq.com/wp-content/themes/极客wordpress主题/admin/init.php(12): require_once()
#1 /var/www/dev-wp.13aq.com/wp-content/themes/极客wordpress主题/functions.php(21): require_once('...')
#2 /var/www/dev-wp.13aq.com/wp-includes/class-wp-hook.php(341): geek_theme_admin_init()
#3 /var/www/dev-wp.13aq.com/wp-includes/class-wp-hook.php(365): WP_Hook->apply_filters()
#4 /var/www/dev-wp.13aq.com/wp-includes/plugin.php(522): WP_Hook->do_action()
#5 /var/www/dev-wp.13aq.com/wp-settings.php(722): do_action()
#6 /var/www/dev-wp.13aq.com/wp-config.php(136): require_once('...')
#7 /var/www/dev-wp.13aq.com/wp-load.php(50): require_once('...')
#8 /var/www/dev-wp.13aq.com/wp-blog-header.php(13): require_once('...')
#9 /var/www/dev-wp.13aq.com/index.php(17): require('...')
#10 {main}
  thrown in /var/www/dev-wp.13aq.com/wp-content/themes/极客wordpress主题/admin/inc/settings.php on line 146
[07-Jan-2026 14:59:50 UTC] PHP Fatal error:  Uncaught Error: Call to undefined function add_settings_field() in /var/www/dev-wp.13aq.com/wp-content/themes/极客wordpress主题/admin/inc/settings.php:146
Stack trace:
#0 /var/www/dev-wp.13aq.com/wp-content/themes/极客wordpress主题/admin/init.php(12): require_once()
#1 /var/www/dev-wp.13aq.com/wp-content/themes/极客wordpress主题/functions.php(21): require_once('...')
#2 /var/www/dev-wp.13aq.com/wp-includes/class-wp-hook.php(341): geek_theme_admin_init()
#3 /var/www/dev-wp.13aq.com/wp-includes/class-wp-hook.php(365): WP_Hook->apply_filters()
#4 /var/www/dev-wp.13aq.com/wp-includes/plugin.php(522): WP_Hook->do_action()
#5 /var/www/dev-wp.13aq.com/wp-settings.php(722): do_action()
#6 /var/www/dev-wp.13aq.com/wp-config.php(136): require_once('...')
#7 /var/www/dev-wp.13aq.com/wp-load.php(50): require_once('...')
#8 /var/www/dev-wp.13aq.com/wp-admin/admin.php(35): require_once('...')
#9 {main}
  thrown in /var/www/dev-wp.13aq.com/wp-content/themes/极客wordpress主题/admin/inc/settings.php on line 146
[07-Jan-2026 14:59:50 UTC] PHP Fatal error:  Uncaught Error: Call to undefined function add_settings_field() in /var/www/dev-wp.13aq.com/wp-content/themes/极客wordpress主题/admin/inc/settings.php:146
Stack trace:
#0 /var/www/dev-wp.13aq.com/wp-content/themes/极客wordpress主题/admin/init.php(12): require_once()
#1 /var/www/dev-wp.13aq.com/wp-content/themes/极客wordpress主题/functions.php(21): require_once('...')
#2 /var/www/dev-wp.13aq.com/wp-includes/class-wp-hook.php(341): geek_theme_admin_init()
#3 /var/www/dev-wp.13aq.com/wp-includes/class-wp-hook.php(365): WP_Hook->apply_filters()
#4 /var/www/dev-wp.13aq.com/wp-includes/plugin.php(522): WP_Hook->do_action()
#5 /var/www/dev-wp.13aq.com/wp-settings.php(722): do_action()
#6 /var/www/dev-wp.13aq.com/wp-config.php(136): require_once('...')
#7 /var/www/dev-wp.13aq.com/wp-load.php(50): require_once('...')
#8 /var/www/dev-wp.13aq.com/wp-blog-header.php(13): require_once('...')
#9 /var/www/dev-wp.13aq.com/index.php(17): require('...')
#10 {main}
  thrown in /var/www/dev-wp.13aq.com/wp-content/themes/极客wordpress主题/admin/inc/settings.php on line 146
[07-Jan-2026 14:59:50 UTC] PHP Fatal error:  Uncaught Error: Call to undefined function add_settings_field() in /var/www/dev-wp.13aq.com/wp-content/themes/极客wordpress主题/admin/inc/settings.php:146
Stack trace:
#0 /var/www/dev-wp.13aq.com/wp-content/themes/极客wordpress主题/admin/init.php(12): require_once()
#1 /var/www/dev-wp.13aq.com/wp-content/themes/极客wordpress主题/functions.php(21): require_once('...')
#2 /var/www/dev-wp.13aq.com/wp-includes/class-wp-hook.php(341): geek_theme_admin_init()
#3 /var/www/dev-wp.13aq.com/wp-includes/class-wp-hook.php(365): WP_Hook->apply_filters()
#4 /var/www/dev-wp.13aq.com/wp-includes/plugin.php(522): WP_Hook->do_action()
#5 /var/www/dev-wp.13aq.com/wp-settings.php(722): do_action()
#6 /var/www/dev-wp.13aq.com/wp-config.php(136): require_once('...')
#7 /var/www/dev-wp.13aq.com/wp-load.php(50): require_once('...')
#8 /var/www/dev-wp.13aq.com/wp-admin/admin.php(35): require_once('...')
#9 {main}
  thrown in /var/www/dev-wp.13aq.com/wp-content/themes/极客wordpress主题/admin/inc/settings.php on line 146
[07-Jan-2026 14:59:51 UTC] PHP Fatal error:  Uncaught Error: Call to undefined function add_settings_field() in /var/www/dev-wp.13aq.com/wp-content/themes/极客wordpress主题/admin/inc/settings.php:146
Stack trace:
#0 /var/www/dev-wp.13aq.com/wp-content/themes/极客wordpress主题/admin/init.php(12): require_once()
#1 /var/www/dev-wp.13aq.com/wp-content/themes/极客wordpress主题/functions.php(21): require_once('...')
#2 /var/www/dev-wp.13aq.com/wp-includes/class-wp-hook.php(341): geek_theme_admin_init()
#3 /var/www/dev-wp.13aq.com/wp-includes/class-wp-hook.php(365): WP_Hook->apply_filters()
#4 /var/www/dev-wp.13aq.com/wp-includes/plugin.php(522): WP_Hook->do_action()
#5 /var/www/dev-wp.13aq.com/wp-settings.php(722): do_action()
#6 /var/www/dev-wp.13aq.com/wp-config.php(136): require_once('...')
#7 /var/www/dev-wp.13aq.com/wp-load.php(50): require_once('...')
#8 /var/www/dev-wp.13aq.com/wp-blog-header.php(13): require_once('...')
#9 /var/www/dev-wp.13aq.com/index.php(17): require('...')
#10 {main}
  thrown in /var/www/dev-wp.13aq.com/wp-content/themes/极客wordpress主题/admin/inc/settings.php on line 146
[07-Jan-2026 14:59:51 UTC] PHP Fatal error:  Uncaught Error: Call to undefined function add_settings_field() in /var/www/dev-wp.13aq.com/wp-content/themes/极客wordpress主题/admin/inc/settings.php:146
Stack trace:
#0 /var/www/dev-wp.13aq.com/wp-content/themes/极客wordpress主题/admin/init.php(12): require_once()
#1 /var/www/dev-wp.13aq.com/wp-content/themes/极客wordpress主题/functions.php(21): require_once('...')
#2 /var/www/dev-wp.13aq.com/wp-includes/class-wp-hook.php(341): geek_theme_admin_init()
#3 /var/www/dev-wp.13aq.com/wp-includes/class-wp-hook.php(365): WP_Hook->apply_filters()
#4 /var/www/dev-wp.13aq.com/wp-includes/plugin.php(522): WP_Hook->do_action()
#5 /var/www/dev-wp.13aq.com/wp-settings.php(722): do_action()
#6 /var/www/dev-wp.13aq.com/wp-config.php(136): require_once('...')
#7 /var/www/dev-wp.13aq.com/wp-load.php(50): require_once('...')
#8 /var/www/dev-wp.13aq.com/wp-admin/admin.php(35): require_once('...')
#9 {main}
  thrown in /var/www/dev-wp.13aq.com/wp-content/themes/极客wordpress主题/admin/inc/settings.php on line 146
[07-Jan-2026 14:59:51 UTC] PHP Fatal error:  Uncaught Error: Call to undefined function add_settings_field() in /var/www/dev-wp.13aq.com/wp-content/themes/极客wordpress主题/admin/inc/settings.php:146
Stack trace:
#0 /var/www/dev-wp.13aq.com/wp-content/themes/极客wordpress主题/admin/init.php(12): require_once()
#1 /var/www/dev-wp.13aq.com/wp-content/themes/极客wordpress主题/functions.php(21): require_once('...')
#2 /var/www/dev-wp.13aq.com/wp-includes/class-wp-hook.php(341): geek_theme_admin_init()
#3 /var/www/dev-wp.13aq.com/wp-includes/class-wp-hook.php(365): WP_Hook->apply_filters()
#4 /var/www/dev-wp.13aq.com/wp-includes/plugin.php(522): WP_Hook->do_action()
#5 /var/www/dev-wp.13aq.com/wp-settings.php(722): do_action()
#6 /var/www/dev-wp.13aq.com/wp-config.php(136): require_once('...')
#7 /var/www/dev-wp.13aq.com/wp-load.php(50): require_once('...')
#8 /var/www/dev-wp.13aq.com/wp-blog-header.php(13): require_once('...')
#9 /var/www/dev-wp.13aq.com/index.php(17): require('...')
#10 {main}
  thrown in /var/www/dev-wp.13aq.com/wp-content/themes/极客wordpress主题/admin/inc/settings.php on line 146
[07-Jan-2026 15:00:34 UTC] PHP Fatal error:  Uncaught Error: Call to undefined function add_settings_field() in /var/www/dev-wp.13aq.com/wp-content/themes/极客wordpress主题/admin/inc/settings.php:146
Stack trace:
#0 /var/www/dev-wp.13aq.com/wp-content/themes/极客wordpress主题/admin/init.php(12): require_once()
#1 /var/www/dev-wp.13aq.com/wp-content/themes/极客wordpress主题/functions.php(21): require_once('...')
#2 /var/www/dev-wp.13aq.com/wp-includes/class-wp-hook.php(341): geek_theme_admin_init()
#3 /var/www/dev-wp.13aq.com/wp-includes/class-wp-hook.php(365): WP_Hook->apply_filters()
#4 /var/www/dev-wp.13aq.com/wp-includes/plugin.php(522): WP_Hook->do_action()
#5 /var/www/dev-wp.13aq.com/wp-settings.php(722): do_action()
#6 /var/www/dev-wp.13aq.com/wp-config.php(136): require_once('...')
#7 /var/www/dev-wp.13aq.com/wp-load.php(50): require_once('...')
#8 /var/www/dev-wp.13aq.com/wp-admin/admin.php(35): require_once('...')
#9 {main}
  thrown in /var/www/dev-wp.13aq.com/wp-content/themes/极客wordpress主题/admin/inc/settings.php on line 146
[07-Jan-2026 15:00:34 UTC] PHP Fatal error:  Uncaught Error: Call to undefined function add_settings_field() in /var/www/dev-wp.13aq.com/wp-content/themes/极客wordpress主题/admin/inc/settings.php:146
Stack trace:
#0 /var/www/dev-wp.13aq.com/wp-content/themes/极客wordpress主题/admin/init.php(12): require_once()
#1 /var/www/dev-wp.13aq.com/wp-content/themes/极客wordpress主题/functions.php(21): require_once('...')
#2 /var/www/dev-wp.13aq.com/wp-includes/class-wp-hook.php(341): geek_theme_admin_init()
#3 /var/www/dev-wp.13aq.com/wp-includes/class-wp-hook.php(365): WP_Hook->apply_filters()
#4 /var/www/dev-wp.13aq.com/wp-includes/plugin.php(522): WP_Hook->do_action()
#5 /var/www/dev-wp.13aq.com/wp-settings.php(722): do_action()
#6 /var/www/dev-wp.13aq.com/wp-config.php(136): require_once('...')
#7 /var/www/dev-wp.13aq.com/wp-load.php(50): require_once('...')
#8 /var/www/dev-wp.13aq.com/wp-blog-header.php(13): require_once('...')
#9 /var/www/dev-wp.13aq.com/index.php(17): require('...')
#10 {main}
  thrown in /var/www/dev-wp.13aq.com/wp-content/themes/极客wordpress主题/admin/inc/settings.php on line 146
[07-Jan-2026 15:00:34 UTC] PHP Fatal error:  Uncaught Error: Call to undefined function add_settings_field() in /var/www/dev-wp.13aq.com/wp-content/themes/极客wordpress主题/admin/inc/settings.php:146
Stack trace:
#0 /var/www/dev-wp.13aq.com/wp-content/themes/极客wordpress主题/admin/init.php(12): require_once()
#1 /var/www/dev-wp.13aq.com/wp-content/themes/极客wordpress主题/functions.php(21): require_once('...')
#2 /var/www/dev-wp.13aq.com/wp-includes/class-wp-hook.php(341): geek_theme_admin_init()
#3 /var/www/dev-wp.13aq.com/wp-includes/class-wp-hook.php(365): WP_Hook->apply_filters()
#4 /var/www/dev-wp.13aq.com/wp-includes/plugin.php(522): WP_Hook->do_action()
#5 /var/www/dev-wp.13aq.com/wp-settings.php(722): do_action()
#6 /var/www/dev-wp.13aq.com/wp-config.php(136): require_once('...')
#7 /var/www/dev-wp.13aq.com/wp-load.php(50): require_once('...')
#8 /var/www/dev-wp.13aq.com/wp-admin/admin.php(35): require_once('...')
#9 {main}
  thrown in /var/www/dev-wp.13aq.com/wp-content/themes/极客wordpress主题/admin/inc/settings.php on line 146
[07-Jan-2026 15:00:35 UTC] PHP Fatal error:  Uncaught Error: Call to undefined function add_settings_field() in /var/www/dev-wp.13aq.com/wp-content/themes/极客wordpress主题/admin/inc/settings.php:146
Stack trace:
#0 /var/www/dev-wp.13aq.com/wp-content/themes/极客wordpress主题/admin/init.php(12): require_once()
#1 /var/www/dev-wp.13aq.com/wp-content/themes/极客wordpress主题/functions.php(21): require_once('...')
#2 /var/www/dev-wp.13aq.com/wp-includes/class-wp-hook.php(341): geek_theme_admin_init()
#3 /var/www/dev-wp.13aq.com/wp-includes/class-wp-hook.php(365): WP_Hook->apply_filters()
#4 /var/www/dev-wp.13aq.com/wp-includes/plugin.php(522): WP_Hook->do_action()
#5 /var/www/dev-wp.13aq.com/wp-settings.php(722): do_action()
#6 /var/www/dev-wp.13aq.com/wp-config.php(136): require_once('...')
#7 /var/www/dev-wp.13aq.com/wp-load.php(50): require_once('...')
#8 /var/www/dev-wp.13aq.com/wp-blog-header.php(13): require_once('...')
#9 /var/www/dev-wp.13aq.com/index.php(17): require('...')
#10 {main}
  thrown in /var/www/dev-wp.13aq.com/wp-content/themes/极客wordpress主题/admin/inc/settings.php on line 146
