2026-01-15T03:41:03+00:00 DEBUG Tt4b_Pixel_Class::inject_view_content_event: hit ViewContent
2026-01-15T03:41:03+00:00 DEBUG Tt4b_Pixel_Class::inject_view_content_event: Missing option "access_token"
2026-01-15T03:41:06+00:00 DEBUG Tt4b_Pixel_Class::inject_add_to_cart_event: hit AddToCart
2026-01-15T03:41:06+00:00 DEBUG Tt4b_Pixel_Class::inject_add_to_cart_event: Missing option "access_token"
2026-01-15T03:41:11+00:00 DEBUG Tt4b_Pixel_Class::inject_add_to_cart_event: hit AddToCart
2026-01-15T03:41:11+00:00 DEBUG Tt4b_Pixel_Class::inject_add_to_cart_event: Missing option "access_token"
2026-01-15T04:46:45+00:00 DEBUG POST: https://ads.tiktok.com/marketing_api/api/developer/app/create_auto_approve/

{"business_platform":"PROD","smb_id":"tt4b_woocommerce_696607a57e74fhttpsdev-wp13aqcomwp-admin","smb_name":"WOO_COMMERCE","redirect_url":"https:\/\/dev-wp.13aq.com\/wp-admin\/"}
 ajax: no
2026-01-15T04:46:50+00:00 ERROR Tt4b_Mapi_Class::create_open_source_app: Response: 

http_request_failed: cURL error 28: Connection timed out after 5000 milliseconds
2026-01-15T04:46:55+00:00 ERROR Tt4b_Mapi_Class::create_open_source_app: Response: 

http_request_failed: cURL error 28: Connection timed out after 5000 milliseconds
2026-01-15T04:47:00+00:00 ERROR Tt4b_Mapi_Class::create_open_source_app: Response: 

http_request_failed: cURL error 28: Connection timed out after 5000 milliseconds
2026-01-15T04:47:05+00:00 ERROR Tt4b_Mapi_Class::create_open_source_app: Response: 

http_request_failed: cURL error 28: Connection timed out after 5000 milliseconds
2026-01-15T05:06:37+00:00 DEBUG POST: https://ads.tiktok.com/marketing_api/api/developer/app/create_auto_approve/

{"business_platform":"PROD","smb_id":"tt4b_woocommerce_696607a57e74fhttpsdev-wp13aqcomwp-admin","smb_name":"WOO_COMMERCE","redirect_url":"https:\/\/dev-wp.13aq.com\/wp-admin\/"}
 ajax: no
2026-01-15T05:06:42+00:00 ERROR Tt4b_Mapi_Class::create_open_source_app: Response: 

http_request_failed: cURL error 28: Connection timed out after 5000 milliseconds
2026-01-15T05:06:47+00:00 ERROR Tt4b_Mapi_Class::create_open_source_app: Response: 

http_request_failed: cURL error 28: Connection timed out after 5000 milliseconds
2026-01-15T05:06:52+00:00 ERROR Tt4b_Mapi_Class::create_open_source_app: Response: 

http_request_failed: cURL error 28: Connection timed out after 5000 milliseconds
2026-01-15T05:06:57+00:00 ERROR Tt4b_Mapi_Class::create_open_source_app: Response: 

http_request_failed: cURL error 28: Connection timed out after 5067 milliseconds
