2026-01-13T08:52:30+00:00 DEBUG POST: https://ads.tiktok.com/marketing_api/api/developer/app/create_auto_approve/

{"business_platform":"PROD","smb_id":"tt4b_woocommerce_696607a57e74fhttpsdev-wp13aqcomwp-admin","smb_name":"WOO_COMMERCE","redirect_url":"https:\/\/dev-wp.13aq.com\/wp-admin\/"}
 ajax: no
2026-01-13T08:52:31+00:00 ERROR Tt4b_Mapi_Class::create_open_source_app: Response: 

http_request_failed: cURL error 28: Connection timed out after 5000 milliseconds
2026-01-13T08:52:37+00:00 ERROR Tt4b_Mapi_Class::create_open_source_app: Response: 

http_request_failed: cURL error 28: Connection timed out after 5000 milliseconds
2026-01-13T08:52:42+00:00 ERROR Tt4b_Mapi_Class::create_open_source_app: Response: 

http_request_failed: cURL error 28: Connection timed out after 5000 milliseconds
2026-01-13T08:52:48+00:00 ERROR Tt4b_Mapi_Class::create_open_source_app: Response: 

http_request_failed: cURL error 28: Connection timed out after 5000 milliseconds
2026-01-13T08:53:18+00:00 DEBUG POST: https://ads.tiktok.com/marketing_api/api/developer/app/create_auto_approve/

{"business_platform":"PROD","smb_id":"tt4b_woocommerce_696607a57e74fhttpsdev-wp13aqcomwp-admin","smb_name":"WOO_COMMERCE","redirect_url":"https:\/\/dev-wp.13aq.com\/wp-admin\/"}
 ajax: no
2026-01-13T08:53:24+00:00 ERROR Tt4b_Mapi_Class::create_open_source_app: Response: 

http_request_failed: cURL error 28: Connection timed out after 5000 milliseconds
2026-01-13T08:53:29+00:00 ERROR Tt4b_Mapi_Class::create_open_source_app: Response: 

http_request_failed: cURL error 28: Connection timed out after 5000 milliseconds
2026-01-13T08:53:32+00:00 ERROR Tt4b_Mapi_Class::create_open_source_app: Response: 

http_request_failed: cURL error 28: Connection timed out after 5000 milliseconds
2026-01-13T08:53:37+00:00 ERROR Tt4b_Mapi_Class::create_open_source_app: Response: 

http_request_failed: cURL error 28: Connection timed out after 5000 milliseconds
