2026-01-11T13:30:28+00:00 DEBUG #6727 - [New Request] GET /wp-admin/admin.php
2026-01-11T13:30:28+00:00 DEBUG #6727 - GET https://api.woocommerce.com/integrations/ppc/v1/customer/partners/K8SKZ36LQBWXJ/merchant-integrations/
Response: Array
(
    [code] => 404
    [message] => Not Found
)

Response Body: {"statusCode":404,"error":"Not Found","message":"Not Found"}
2026-01-11T13:30:28+00:00 WARNING #6727 - [Error] Not Found CONTEXT: {"args":{"method":"GET","headers":{"Authorization":"Bearer token","Content-Type":"application/json"}},"response":{"headers":{},"body":"{"statusCode":404,"error":"Not Found","message":"Not Found"}","response":{"code":404,"message":"Not Found"},"cookies":[],"filename":null,"http_response":{"data":null,"headers":null,"status":null}}}
2026-01-11T13:30:34+00:00 DEBUG #3244 - [New Request] GET /wp-json/wc/v3/wc_paypal/webhooks
2026-01-11T13:30:34+00:00 DEBUG #3244 - GET https://api.woocommerce.com/integrations/ppc/v1/notifications/webhooks
Response: Array
(
    [code] => 404
    [message] => Not Found
)

Response Body: {"statusCode":404,"error":"Not Found","message":"Not Found"}
2026-01-11T13:30:57+00:00 DEBUG #7447 - [New Request] POST /wp-json/wc/v3/wc_paypal/login_link
2026-01-11T13:30:57+00:00 DEBUG #7447 - Loaded onboarding URL from cache: production-advanced_vaulting-ppcp-usecardpayments
2026-01-11T13:30:57+00:00 INFO #7447 - Using cached onboarding URL for: production-advanced_vaulting-ppcp-usecardpayments
2026-01-11T13:30:59+00:00 DEBUG #5448 - [New Request] POST /wp-json/wc/v3/wc_paypal/login_link
2026-01-11T13:30:59+00:00 DEBUG #5448 - Loaded onboarding URL from cache: production-advanced_vaulting-ppcp-usecardpayments
2026-01-11T13:30:59+00:00 INFO #5448 - Using cached onboarding URL for: production-advanced_vaulting-ppcp-usecardpayments
2026-01-11T13:30:59+00:00 DEBUG #9507 - [New Request] POST /wp-json/wc/v3/wc_paypal/login_link
2026-01-11T13:30:59+00:00 DEBUG #9507 - Loaded onboarding URL from cache: production-advanced_vaulting-ppcp-usecardpayments
2026-01-11T13:30:59+00:00 INFO #9507 - Using cached onboarding URL for: production-advanced_vaulting-ppcp-usecardpayments
2026-01-11T13:32:08+00:00 DEBUG #8243 - [New Request] GET /wp-admin/admin.php
2026-01-11T13:32:08+00:00 DEBUG #8243 - Validating onboarding ppcpToken: ey...E1OSJ9
2026-01-11T13:32:08+00:00 DEBUG #3377 - [New Request] GET /wp-admin/admin.php
2026-01-11T13:32:08+00:00 DEBUG #3377 - Validating onboarding ppcpToken: ey...E1OSJ9
2026-01-11T13:32:08+00:00 INFO #3377 - Validated onboarding ppcpToken: ey...E1OSJ9
2026-01-11T13:32:08+00:00 INFO #3377 - Extracting connection data from request...
2026-01-11T13:32:08+00:00 INFO #3377 - Found OAuth merchant data in request CONTEXT: {"merchant_id":"Q3B9NPT4TRMAW","merchant_email":"sunbingchen@13aq.com","seller_type":"business"}
2026-01-11T13:32:08+00:00 INFO #8243 - Validated onboarding ppcpToken: ey...E1OSJ9
2026-01-11T13:32:08+00:00 INFO #8243 - Extracting connection data from request...
2026-01-11T13:32:08+00:00 INFO #8243 - Found OAuth merchant data in request CONTEXT: {"merchant_id":"Q3B9NPT4TRMAW","merchant_email":"sunbingchen@13aq.com","seller_type":"business"}
2026-01-11T13:32:08+00:00 ERROR #3377 - Failed to complete authentication: No stored OAuth credentials found
2026-01-11T13:32:08+00:00 ERROR #8243 - Failed to complete authentication: No stored OAuth credentials found
2026-01-11T13:32:12+00:00 DEBUG #8650 - [New Request] GET /wp-json/wc/v3/wc_paypal/webhooks
2026-01-11T13:32:12+00:00 DEBUG #8650 - GET https://api.woocommerce.com/integrations/ppc/v1/notifications/webhooks
Response: Array
(
    [code] => 404
    [message] => Not Found
)

Response Body: {"statusCode":404,"error":"Not Found","message":"Not Found"}
2026-01-11T13:32:13+00:00 DEBUG #8383 - [New Request] POST /wp-json/wc/v3/wc_paypal/login_link
2026-01-11T13:32:13+00:00 INFO #8383 - Generating onboarding URL for: production-advanced_vaulting-ppcp-usecardpayments
2026-01-11T13:32:14+00:00 DEBUG #8383 - POST https://api.woocommerce.com/integrations/ppc/v2/customer/partner-referrals
Request Body: {"partner_config_override":{"return_url":"https:\/\/dev-wp.13aq.com\/wp-admin\/admin.php?page=wc-settings&tab=checkout&section=ppcp-gateway&ppcpToken=eyJrIjoicHJvZHVjdGlvbi1hZHZhbmNlZF92YXVsdGluZy1wcGNwLXVzZWNhcmRwYXltZW50cyIsInUiOjEsImgiOiJlODNhOGQxMjM1M2YzZDM1M2JmYWU0NzIyNWI1MmFmOSJ9","return_url_description":"Return to your shop.","show_add_credit_card":true},"products":["PPCP","ADVANCED_VAULTING"],"legal_consents":[{"type":"SHARE_DATA_CONSENT","granted":true}],"operations":[{"operation":"API_INTEGRATION","api_integration_preference":{"rest_api_integration":{"integration_method":"PAYPAL","integration_type":"FIRST_PARTY","first_party_details":{"features":["PAYMENT","REFUND","ADVANCED_TRANSACTIONS_SEARCH","TRACKING_SHIPMENT_READWRITE","BILLING_AGREEMENT","VAULT","FUTURE_PAYMENT"],"seller_nonce":"a1233wtergfsdt4365tzrshgfbaewa36AGa1233wtergfsdt4365tzrshgfbaewa36AG"}}}}]}
Response Debug ID: f5c113180d44e
Response: Array
(
    [code] => 201
    [message] => Created
)

2026-01-11T13:32:33+00:00 DEBUG #1942 - [New Request] POST /wp-json/wc/v3/wc_paypal/login_link
2026-01-11T13:32:33+00:00 DEBUG #1942 - Loaded onboarding URL from cache: production-advanced_vaulting-ppcp-usecardpayments
2026-01-11T13:32:33+00:00 INFO #1942 - Using cached onboarding URL for: production-advanced_vaulting-ppcp-usecardpayments
2026-01-11T13:32:42+00:00 DEBUG #2136 - [New Request] GET /wp-json/wc/v3/wc_paypal/webhooks
2026-01-11T13:32:42+00:00 DEBUG #2136 - GET https://api.woocommerce.com/integrations/ppc/v1/notifications/webhooks
Response: Array
(
    [code] => 404
    [message] => Not Found
)

Response Body: {"statusCode":404,"error":"Not Found","message":"Not Found"}
2026-01-11T13:32:43+00:00 DEBUG #3049 - [New Request] POST /wp-json/wc/v3/wc_paypal/login_link
2026-01-11T13:32:43+00:00 DEBUG #3049 - Loaded onboarding URL from cache: production-advanced_vaulting-ppcp-usecardpayments
2026-01-11T13:32:43+00:00 INFO #3049 - Using cached onboarding URL for: production-advanced_vaulting-ppcp-usecardpayments
2026-01-11T13:32:45+00:00 DEBUG #6346 - [New Request] POST /wp-json/wc/v3/wc_paypal/login_link
2026-01-11T13:32:45+00:00 DEBUG #6346 - Loaded onboarding URL from cache: production-advanced_vaulting-ppcp-usecardpayments
2026-01-11T13:32:45+00:00 INFO #6346 - Using cached onboarding URL for: production-advanced_vaulting-ppcp-usecardpayments
2026-01-11T13:32:45+00:00 DEBUG #6918 - [New Request] POST /wp-json/wc/v3/wc_paypal/login_link
2026-01-11T13:32:45+00:00 DEBUG #6918 - Loaded onboarding URL from cache: production-advanced_vaulting-ppcp-usecardpayments
2026-01-11T13:32:45+00:00 INFO #6918 - Using cached onboarding URL for: production-advanced_vaulting-ppcp-usecardpayments
2026-01-11T13:34:05+00:00 DEBUG #2690 - [New Request] POST /wp-json/wc/v3/wc_paypal/authenticate/oauth
2026-01-11T13:34:05+00:00 INFO #2690 - Storing one-time OAuth credentials... CONTEXT: {"shared_id":"BAAQCo7u6KLP1URZKjyvGOZDPps2mF1D_IWYI2PYTRewoOMCYtcurLanceiG4SVVfocpy6MOgCmYi5MLyo","auth_code":"C21AAMThmiojmD1DXaAo5xSFwWuyyHaAsYak07c6E51gv9p0RldLNMGt2C3e4oYRYAzOj1o6XZMF4z9N8oazfw9O9xeb-SQlg","use_sandbox":false}
2026-01-11T13:34:07+00:00 DEBUG #9189 - [New Request] GET /wp-admin/admin.php
2026-01-11T13:34:07+00:00 DEBUG #9189 - Validating onboarding ppcpToken: ey...FmOSJ9
2026-01-11T13:34:08+00:00 DEBUG #6675 - [New Request] GET /wp-admin/admin.php
2026-01-11T13:34:08+00:00 DEBUG #6675 - Validating onboarding ppcpToken: ey...FmOSJ9
2026-01-11T13:34:08+00:00 INFO #6675 - Validated onboarding ppcpToken: ey...FmOSJ9
2026-01-11T13:34:08+00:00 INFO #6675 - Extracting connection data from request...
2026-01-11T13:34:08+00:00 INFO #6675 - Found OAuth merchant data in request CONTEXT: {"merchant_id":"Q3B9NPT4TRMAW","merchant_email":"sunbingchen@13aq.com","seller_type":"business"}
2026-01-11T13:34:08+00:00 INFO #9189 - Validated onboarding ppcpToken: ey...FmOSJ9
2026-01-11T13:34:08+00:00 INFO #9189 - Extracting connection data from request...
2026-01-11T13:34:08+00:00 INFO #9189 - Found OAuth merchant data in request CONTEXT: {"merchant_id":"Q3B9NPT4TRMAW","merchant_email":"sunbingchen@13aq.com","seller_type":"business"}
2026-01-11T13:34:08+00:00 INFO #6675 - Attempting OAuth login to PayPal... CONTEXT: {"sandbox":false,"shared_id":"BAAQCo7u6KLP1URZKjyvGOZDPps2mF1D_IWYI2PYTRewoOMCYtcurLanceiG4SVVfocpy6MOgCmYi5MLyo"}
2026-01-11T13:34:08+00:00 INFO #9189 - Attempting OAuth login to PayPal... CONTEXT: {"sandbox":false,"shared_id":"BAAQCo7u6KLP1URZKjyvGOZDPps2mF1D_IWYI2PYTRewoOMCYtcurLanceiG4SVVfocpy6MOgCmYi5MLyo"}
2026-01-11T13:34:09+00:00 DEBUG #9189 - POST https://api-m.paypal.com/v1/oauth2/token/
Response Debug ID: bd7d64d5d6cb5
Response: Array
(
    [code] => 200
    [message] => OK
)

2026-01-11T13:34:10+00:00 DEBUG #6675 - POST https://api-m.paypal.com/v1/oauth2/token/
Response Debug ID: 3c68dbb70b096
Response: Array
(
    [code] => 400
    [message] => Bad Request
)

Response Body: {"error":"invalid_grant","error_description":"Authorization code not found in cache"}
2026-01-11T13:34:10+00:00 WARNING #6675 - No token found. CONTEXT: {"args":{"method":"POST","headers":{"Authorization":"Basic QkFBUUNvN3U2S0xQMVVSWktqeXZHT1pEUHBzMm1GMURfSVdZSTJQWVRSZXdvT01DWXRjdXJMYW5jZWlHNFNWVmZvY3B5Nk1PZ0NtWWk1TUx5bzo="},"body":{"grant_type":"authorization_code","code":"C21AAMThmiojmD1DXaAo5xSFwWuyyHaAsYak07c6E51gv9p0RldLNMGt2C3e4oYRYAzOj1o6XZMF4z9N8oazfw9O9xeb-SQlg","code_verifier":"a1233wtergfsdt4365tzrshgfbaewa36AGa1233wtergfsdt4365tzrshgfbaewa36AG"}},"response":{"headers":{},"body":"{"error":"invalid_grant","error_description":"Authorization code not found in cache"}","response":{"code":400,"message":"Bad Request"},"cookies":[{"name":"l7_az","value":"ccg14.slc","expires":1768140250,"path":"/","domain":"paypal.com","port":null,"host_only":false},{"name":"__cf_bm","value":"xspaadZgRfmThSBaJb6JVaV58IZMlHOfV4DAgu_I9HM-1768138450.2578964-1.0.1.1-KQT90jGNcGGmn5stVAQhwcyVRt7JeBf7WQPDCI.X6W.lhvSMUws2X4uWynrmq45y2qlRJULJmhhlSwiMPkBgOcGFhxTzW79h1DDR6CohM.pcj3.F_zfZNTVAYVm_a17L","expires":1768140250,"path":"/","domain":"api-m.paypal.com","port":null,"host_only":false}],"filename":null,"http_response":{"data":null,"headers":null,"status":null}}}
2026-01-11T13:34:10+00:00 ERROR #6675 - Failed to complete authentication: No token found.
2026-01-11T13:34:10+00:00 DEBUG #9189 - GET https://api-m.paypal.com/v1/customer/partners/K8SKZ36LQBWXJ/merchant-integrations/credentials/
Response Debug ID: 210990cf744a7
Response: Array
(
    [code] => 200
    [message] => OK
)

2026-01-11T13:34:10+00:00 INFO #9189 - Updating connection details CONTEXT: {"is_sandbox":false,"client_id":"BAAQCo7u6KLP1URZKjyvGOZDPps2mF1D_IWYI2PYTRewoOMCYtcurLanceiG4SVVfocpy6MOgCmYi5MLyo","client_secret":"EGjQeNLaF34DilmN_cr9jM6xFZZIP5M5bxNOFQJJKsrYAbufxfqtSz9LTUN_zEVdXTwAT7ynBmBetQQI","merchant_id":"Q3B9NPT4TRMAW","merchant_email":"sunbingchen@13aq.com","merchant_country":"","seller_type":"business"}
2026-01-11T13:34:10+00:00 INFO #9189 - Merchant successfully connected to PayPal
2026-01-11T13:34:10+00:00 INFO #9189 - Calling internal REST endpoint [https://dev-wp.13aq.com/wp-json/wc/v3/wc_paypal/common/seller-account]
2026-01-11T13:34:11+00:00 DEBUG #9189 - Finished internal REST call [https://dev-wp.13aq.com/wp-json/wc/v3/wc_paypal/common/seller-account]
2026-01-11T13:34:11+00:00 ERROR #9189 - Internal REST error CONTEXT: {"response":{"errors":{"http_request_failed":["cURL error 60: SSL certificate problem: unable to get local issuer certificate"]},"error_data":[]}}
2026-01-11T13:34:11+00:00 WARNING #9189 - Failed to enrich merchant details: Internal REST error CONTEXT: {"reason":"Internal REST error","details":null}
2026-01-11T13:34:11+00:00 INFO #9189 - Flushing API caches...
2026-01-11T13:34:11+00:00 INFO #9189 - Merchant connected, complete onboarding and set defaults.
2026-01-11T13:34:11+00:00 DEBUG #9189 - Webhook lock acquired for 'register'.
2026-01-11T13:34:11+00:00 DEBUG #9189 - Webhook operation 'register' started.
2026-01-11T13:34:13+00:00 DEBUG #9189 - GET https://api.woocommerce.com/integrations/ppc/v1/notifications/webhooks
Response: Array
(
    [code] => 404
    [message] => Not Found
)

Response Body: {"statusCode":404,"error":"Not Found","message":"Not Found"}
2026-01-11T13:34:13+00:00 ERROR #9189 - Failed to delete webhooks: [Error] Not Found
2026-01-11T13:34:13+00:00 INFO #9189 - Webhooks deleted.
2026-01-11T13:34:14+00:00 DEBUG #9189 - POST https://api.woocommerce.com/integrations/ppc/v1/notifications/webhooks
Request Body: {"url":"https:\/\/dev-wp.13aq.com\/wp-json\/paypal\/v1\/incoming","event_types":[{"name":"CHECKOUT.ORDER.APPROVED"},{"name":"CHECKOUT.ORDER.COMPLETED"},{"name":"CHECKOUT.PAYMENT-APPROVAL.REVERSED"},{"name":"PAYMENT.CAPTURE.REFUNDED"},{"name":"PAYMENT.AUTHORIZATION.VOIDED"},{"name":"PAYMENT.CAPTURE.REVERSED"},{"name":"PAYMENT.ORDER.CANCELLED"},{"name":"PAYMENT.CAPTURE.DENIED"},{"name":"PAYMENT.CAPTURE.COMPLETED"},{"name":"VAULT.PAYMENT-TOKEN.CREATED"},{"name":"VAULT.PAYMENT-TOKEN.DELETED"},{"name":"PAYMENT.CAPTURE.PENDING"},{"name":"PAYMENT.SALE.COMPLETED"},{"name":"PAYMENT.SALE.REFUNDED"},{"name":"BILLING.SUBSCRIPTION.CANCELLED"},{"name":"BILLING.PLAN.PRICING-CHANGE.ACTIVATED"},{"name":"CATALOG.PRODUCT.UPDATED"},{"name":"BILLING.PLAN.UPDATED"}]}
Response: Array
(
    [code] => 404
    [message] => Not Found
)

Response Body: {"statusCode":404,"error":"Not Found","message":"Not Found"}
2026-01-11T13:34:14+00:00 ERROR #9189 - Failed to subscribe webhooks: [Error] Not Found
2026-01-11T13:34:14+00:00 DEBUG #9189 - Webhook lock released for 'register'.
